Determining if the pthread_create exist failed with the following output:
Change Dir: /media/richardson/Richardson/陈亦雷/硕士/光场/程序/Modified Basline for LF Stitching/LF_Stitch/build/CMakeFiles/CMakeTmp

Run Build Command:"/usr/bin/make" "cmTC_59e2f/fast"
/usr/bin/make -f CMakeFiles/cmTC_59e2f.dir/build.make CMakeFiles/cmTC_59e2f.dir/build
make[1]: 进入目录“/media/richardson/Richardson/陈亦雷/硕士/光场/程序/Modified Basline for LF Stitching/LF_Stitch/build/CMakeFiles/CMakeTmp”
Building C object CMakeFiles/cmTC_59e2f.dir/CheckSymbolExists.c.o
/usr/bin/cc   -fPIC    -o CMakeFiles/cmTC_59e2f.dir/CheckSymbolExists.c.o   -c "/media/richardson/Richardson/陈亦雷/硕士/光场/程序/Modified Basline for LF Stitching/LF_Stitch/build/CMakeFiles/CMakeTmp/CheckSymbolExists.c"
Linking C executable cmTC_59e2f
/usr/bin/cmake -E cmake_link_script CMakeFiles/cmTC_59e2f.dir/link.txt --verbose=1
/usr/bin/cc -fPIC     -rdynamic CMakeFiles/cmTC_59e2f.dir/CheckSymbolExists.c.o  -o cmTC_59e2f 
CMakeFiles/cmTC_59e2f.dir/CheckSymbolExists.c.o：在函数‘main’中：
CheckSymbolExists.c:(.text+0x1b)：对‘pthread_create’未定义的引用
collect2: error: ld returned 1 exit status
CMakeFiles/cmTC_59e2f.dir/build.make:97: recipe for target 'cmTC_59e2f' failed
make[1]: *** [cmTC_59e2f] Error 1
make[1]: 离开目录“/media/richardson/Richardson/陈亦雷/硕士/光场/程序/Modified Basline for LF Stitching/LF_Stitch/build/CMakeFiles/CMakeTmp”
Makefile:126: recipe for target 'cmTC_59e2f/fast' failed
make: *** [cmTC_59e2f/fast] Error 2

File /media/richardson/Richardson/陈亦雷/硕士/光场/程序/Modified Basline for LF Stitching/LF_Stitch/build/CMakeFiles/CMakeTmp/CheckSymbolExists.c:
/* */
#include <pthread.h>

int main(int argc, char** argv)
{
  (void)argv;
#ifndef pthread_create
  return ((int*)(&pthread_create))[argc];
#else
  (void)argc;
  return 0;
#endif
}

Determining if the function pthread_create exists in the pthreads failed with the following output:
Change Dir: /media/richardson/Richardson/陈亦雷/硕士/光场/程序/Modified Basline for LF Stitching/LF_Stitch/build/CMakeFiles/CMakeTmp

Run Build Command:"/usr/bin/make" "cmTC_57fd6/fast"
/usr/bin/make -f CMakeFiles/cmTC_57fd6.dir/build.make CMakeFiles/cmTC_57fd6.dir/build
make[1]: 进入目录“/media/richardson/Richardson/陈亦雷/硕士/光场/程序/Modified Basline for LF Stitching/LF_Stitch/build/CMakeFiles/CMakeTmp”
Building C object CMakeFiles/cmTC_57fd6.dir/CheckFunctionExists.c.o
/usr/bin/cc   -fPIC -DCHECK_FUNCTION_EXISTS=pthread_create   -o CMakeFiles/cmTC_57fd6.dir/CheckFunctionExists.c.o   -c /usr/share/cmake-3.10/Modules/CheckFunctionExists.c
Linking C executable cmTC_57fd6
/usr/bin/cmake -E cmake_link_script CMakeFiles/cmTC_57fd6.dir/link.txt --verbose=1
/usr/bin/cc -fPIC -DCHECK_FUNCTION_EXISTS=pthread_create    -rdynamic CMakeFiles/cmTC_57fd6.dir/CheckFunctionExists.c.o  -o cmTC_57fd6 -lpthreads 
/usr/bin/ld: 找不到 -lpthreads
collect2: error: ld returned 1 exit status
CMakeFiles/cmTC_57fd6.dir/build.make:97: recipe for target 'cmTC_57fd6' failed
make[1]: *** [cmTC_57fd6] Error 1
make[1]: 离开目录“/media/richardson/Richardson/陈亦雷/硕士/光场/程序/Modified Basline for LF Stitching/LF_Stitch/build/CMakeFiles/CMakeTmp”
Makefile:126: recipe for target 'cmTC_57fd6/fast' failed
make: *** [cmTC_57fd6/fast] Error 2


